生成启动时间为 2019/7/19 21:53:41。
     1>项目“D:\代码\List.c\List.c\List.c.vcxproj”在节点 2 上(Build 个目标)。
     1>ClCompile:
         D:\vs\新建文件夹\VC\bin\CL.exe /c /I"D:\Visual Leak Detector\include" /ZI /nologo /W3 /WX- /sdl /Od /Oy- /D _MBCS /Gm /EHsc /RTC1 /MDd /GS /fp:precise /Zc:wchar_t /Zc:forScope /Fo"Debug\\" /Fd"Debug\vc120.pdb" /Gd /TC /analyze- /errorReport:prompt List.c main.c
         main.c
     1>d:\代码\list.c\list.c\main.c(7): warning C4133: “函数”: 从“ListNode *”到“List *”的类型不兼容
     1>d:\代码\list.c\list.c\main.c(8): warning C4133: “函数”: 从“ListNode *”到“List *”的类型不兼容
     1>d:\代码\list.c\list.c\main.c(9): warning C4133: “函数”: 从“ListNode *”到“List *”的类型不兼容
     1>d:\代码\list.c\list.c\main.c(10): warning C4133: “函数”: 从“ListNode *”到“List *”的类型不兼容
     1>d:\代码\list.c\list.c\main.c(11): warning C4133: “函数”: 从“ListNode *”到“List *”的类型不兼容
     1>d:\代码\list.c\list.c\main.c(12): warning C4133: “函数”: 从“ListNode *”到“List *”的类型不兼容
     1>d:\代码\list.c\list.c\main.c(14): warning C4133: “函数”: 从“ListNode *”到“List *”的类型不兼容
         List.c
     1>d:\代码\list.c\list.c\list.c(11): warning C4047: “函数”:“ListNode *”与“ListNode **”的间接级别不同
     1>d:\代码\list.c\list.c\list.c(11): warning C4024: “ListInsertFront”: 形参和实参 1 的类型不同
     1>d:\代码\list.c\list.c\list.c(19): warning C4047: “函数”:“ListNode *”与“ListNode **”的间接级别不同
     1>d:\代码\list.c\list.c\list.c(19): warning C4024: “ListInsertAfter”: 形参和实参 1 的类型不同
     1>d:\代码\list.c\list.c\list.c(90): warning C4047: “函数”:“List *”与“List **”的间接级别不同
     1>d:\代码\list.c\list.c\list.c(90): warning C4024: “ListFind”: 形参和实参 1 的类型不同
         正在生成代码...
       Link:
         D:\vs\新建文件夹\VC\bin\link.exe /ERRORREPORT:PROMPT /OUT:"D:\代码\List.c\Debug\List.c.exe" /INCREMENTAL /NOLOGO /LIBPATH:"D:\Visual Leak Detector\lib\Win32" kernel32.lib user32.lib gdi32.lib winspool.lib comdlg32.lib advapi32.lib shell32.lib ole32.lib oleaut32.lib uuid.lib odbc32.lib odbccp32.lib /MANIFEST /MANIFESTUAC:"level='asInvoker' uiAccess='false'" /manifest:embed /DEBUG /PDB:"D:\代码\List.c\Debug\List.c.pdb" /TLBID:1 /DYNAMICBASE /NXCOMPAT /IMPLIB:"D:\代码\List.c\Debug\List.c.lib" /MACHINE:X86 Debug\List.obj
         Debug\main.obj
         List.c.vcxproj -> D:\代码\List.c\Debug\List.c.exe
     1>已完成生成项目“D:\代码\List.c\List.c\List.c.vcxproj”(Build 个目标)的操作。

生成成功。

已用时间 00:00:01.14
